[0515/124233.819:ERROR:process_memory_win.cc(73)] ReadMemory at 0x7ff679120000 of 64 bytes failed: ReadProcessMemory veya WriteProcessMemory isteðinin sadece bir parçasý tamamlandý. (0x12B)
[0515/124233.821:WARNING:pe_image_reader.cc(340)] could not read dos header from C:\Program Files (x86)\Google\Chrome\Application\chrome.exe
[0515/124233.821:ERROR:process_memory_win.cc(73)] ReadMemory at 0x7ffd02a60000 of 64 bytes failed: ReadProcessMemory veya WriteProcessMemory isteðinin sadece bir parçasý tamamlandý. (0x12B)
[0515/124233.821:WARNING:pe_image_reader.cc(340)] could not read dos header from C:\WINDOWS\SYSTEM32\ntdll.dll
[0515/124233.821:ERROR:process_memory_win.cc(73)] ReadMemory at 0x7ffd00bc0000 of 64 bytes failed: ReadProcessMemory veya WriteProcessMemory isteðinin sadece bir parçasý tamamlandý. (0x12B)
[0515/124233.824:WARNING:pe_image_reader.cc(340)] could not read dos header from C:\WINDOWS\System32\KERNEL32.DLL
[0515/124233.824:ERROR:process_memory_win.cc(73)] ReadMemory at 0x7ffcfffb0000 of 64 bytes failed: ReadProcessMemory veya WriteProcessMemory isteðinin sadece bir parçasý tamamlandý. (0x12B)
[0515/124233.824:WARNING:pe_image_reader.cc(340)] could not read dos header from C:\WINDOWS\System32\KERNELBASE.dll
[0515/124233.824:ERROR:process_memory_win.cc(73)] ReadMemory at 0x7ffcc1050000 of 64 bytes failed: ReadProcessMemory veya WriteProcessMemory isteðinin sadece bir parçasý tamamlandý. (0x12B)
[0515/124233.824:WARNING:pe_image_reader.cc(340)] could not read dos header from C:\Program Files (x86)\Google\Chrome\Application\81.0.4044.138\chrome_elf.dll
[0515/124233.824:ERROR:process_memory_win.cc(73)] ReadMemory at 0x7ffcf76a0000 of 64 bytes failed: ReadProcessMemory veya WriteProcessMemory isteðinin sadece bir parçasý tamamlandý. (0x12B)
[0515/124233.824:WARNING:pe_image_reader.cc(340)] could not read dos header from C:\WINDOWS\SYSTEM32\VERSION.dll
[0515/124233.824:ERROR:process_memory_win.cc(73)] ReadMemory at 0x7ffd028a0000 of 64 bytes failed: ReadProcessMemory veya WriteProcessMemory isteðinin sadece bir parçasý tamamlandý. (0x12B)
[0515/124233.824:WARNING:pe_image_reader.cc(340)] could not read dos header from C:\WINDOWS\System32\msvcrt.dll
[0515/124233.824:ERROR:process_memory_win.cc(73)] ReadMemory at 0x7ffcff9f0000 of 64 bytes failed: ReadProcessMemory veya WriteProcessMemory isteðinin sadece bir parçasý tamamlandý. (0x12B)
[0515/124233.824:WARNING:pe_image_reader.cc(340)] could not read dos header from C:\WINDOWS\System32\bcryptPrimitives.dll
[0515/124233.824:ERROR:process_memory_win.cc(73)] ReadMemory at 0x7ffd00f90000 of 64 bytes failed: ReadProcessMemory veya WriteProcessMemory isteðinin sadece bir parçasý tamamlandý. (0x12B)
[0515/124233.824:WARNING:pe_image_reader.cc(340)] could not read dos header from C:\WINDOWS\System32\ADVAPI32.dll
[0515/124233.824:ERROR:process_memory_win.cc(73)] ReadMemory at 0x7ffd00b10000 of 64 bytes failed: ReadProcessMemory veya WriteProcessMemory isteðinin sadece bir parçasý tamamlandý. (0x12B)
[0515/124233.824:WARNING:pe_image_reader.cc(340)] could not read dos header from C:\WINDOWS\System32\sechost.dll
[0515/124233.824:ERROR:process_memory_win.cc(73)] ReadMemory at 0x7ffd02750000 of 64 bytes failed: ReadProcessMemory veya WriteProcessMemory isteðinin sadece bir parçasý tamamlandý. (0x12B)
[0515/124233.824:WARNING:pe_image_reader.cc(340)] could not read dos header from C:\WINDOWS\System32\RPCRT4.dll
[0515/124233.824:ERROR:process_memory_win.cc(73)] ReadMemory at 0x7ffcac370000 of 64 bytes failed: ReadProcessMemory veya WriteProcessMemory isteðinin sadece bir parçasý tamamlandý. (0x12B)
[0515/124233.824:WARNING:pe_image_reader.cc(340)] could not read dos header from C:\Program Files (x86)\Google\Chrome\Application\81.0.4044.138\chrome.dll
[0515/124233.824:ERROR:process_memory_win.cc(73)] ReadMemory at 0x7ffd011f0000 of 64 bytes failed: ReadProcessMemory veya WriteProcessMemory isteðinin sadece bir parçasý tamamlandý. (0x12B)
[0515/124233.824:WARNING:pe_image_reader.cc(340)] could not read dos header from C:\WINDOWS\System32\WS2_32.dll
[0515/124233.824:ERROR:process_memory_win.cc(73)] ReadMemory at 0x7ffd02940000 of 64 bytes failed: ReadProcessMemory veya WriteProcessMemory isteðinin sadece bir parçasý tamamlandý. (0x12B)
[0515/124233.824:WARNING:pe_image_reader.cc(340)] could not read dos header from C:\WINDOWS\System32\OLEAUT32.dll
[0515/124233.824:ERROR:process_memory_win.cc(73)] ReadMemory at 0x7ffcffd70000 of 64 bytes failed: ReadProcessMemory veya WriteProcessMemory isteðinin sadece bir parçasý tamamlandý. (0x12B)
[0515/124233.824:WARNING:pe_image_reader.cc(340)] could not read dos header from C:\WINDOWS\System32\msvcp_win.dll
[0515/124233.824:ERROR:process_memory_win.cc(73)] ReadMemory at 0x7ffd00290000 of 64 bytes failed: ReadProcessMemory veya WriteProcessMemory isteðinin sadece bir parçasý tamamlandý. (0x12B)
[0515/124233.824:WARNING:pe_image_reader.cc(340)] could not read dos header from C:\WINDOWS\System32\ucrtbase.dll
[0515/124233.824:ERROR:process_memory_win.cc(73)] ReadMemory at 0x7ffd01cf0000 of 64 bytes failed: ReadProcessMemory veya WriteProcessMemory isteðinin sadece bir parçasý tamamlandý. (0x12B)
[0515/124233.824:WARNING:pe_image_reader.cc(340)] could not read dos header from C:\WINDOWS\System32\combase.dll
[0515/124233.824:ERROR:process_memory_win.cc(73)] ReadMemory at 0x7ffcffc40000 of 64 bytes failed: ReadProcessMemory veya WriteProcessMemory isteðinin sadece bir parçasý tamamlandý. (0x12B)
[0515/124233.824:WARNING:pe_image_reader.cc(340)] could not read dos header from C:\WINDOWS\System32\WINTRUST.dll
[0515/124233.824:ERROR:process_memory_win.cc(73)] ReadMemory at 0x7ffcff980000 of 64 bytes failed: ReadProcessMemory veya WriteProcessMemory isteðinin sadece bir parçasý tamamlandý. (0x12B)
[0515/124233.824:WARNING:pe_image_reader.cc(340)] could not read dos header from C:\WINDOWS\System32\MSASN1.dll
[0515/124233.824:ERROR:process_memory_win.cc(73)] ReadMemory at 0x7ffcffaf0000 of 64 bytes failed: ReadProcessMemory veya WriteProcessMemory isteðinin sadece bir parçasý tamamlandý. (0x12B)
[0515/124233.824:WARNING:pe_image_reader.cc(340)] could not read dos header from C:\WINDOWS\System32\CRYPT32.dll
[0515/124233.824:ERROR:process_memory_win.cc(73)] ReadMemory at 0x7ffcfe820000 of 64 bytes failed: ReadProcessMemory veya WriteProcessMemory isteðinin sadece bir parçasý tamamlandý. (0x12B)
[0515/124233.824:WARNING:pe_image_reader.cc(340)] could not read dos header from C:\WINDOWS\SYSTEM32\IPHLPAPI.DLL
[0515/124233.824:ERROR:process_memory_win.cc(73)] ReadMemory at 0x7ffcfcee0000 of 64 bytes failed: ReadProcessMemory veya WriteProcessMemory isteðinin sadece bir parçasý tamamlandý. (0x12B)
[0515/124233.824:WARNING:pe_image_reader.cc(340)] could not read dos header from C:\WINDOWS\SYSTEM32\WINMM.dll
[0515/124233.824:ERROR:process_memory_win.cc(73)] ReadMemory at 0x7ffcec5a0000 of 64 bytes failed: ReadProcessMemory veya WriteProcessMemory isteðinin sadece bir parçasý tamamlandý. (0x12B)
[0515/124233.824:WARNING:pe_image_reader.cc(340)] could not read dos header from C:\WINDOWS\SYSTEM32\Secur32.dll
[0515/124233.824:ERROR:process_memory_win.cc(73)] ReadMemory at 0x7ffcff840000 of 64 bytes failed: ReadProcessMemory veya WriteProcessMemory isteðinin sadece bir parçasý tamamlandý. (0x12B)
[0515/124233.824:WARNING:pe_image_reader.cc(340)] could not read dos header from C:\WINDOWS\SYSTEM32\USERENV.dll
[0515/124233.824:ERROR:process_memory_win.cc(73)] ReadMemory at 0x7ffcff950000 of 64 bytes failed: ReadProcessMemory veya WriteProcessMemory isteðinin sadece bir parçasý tamamlandý. (0x12B)
[0515/124233.824:WARNING:pe_image_reader.cc(340)] could not read dos header from C:\WINDOWS\System32\profapi.dll
[0515/124233.825:ERROR:process_memory_win.cc(73)] ReadMemory at 0x7ffccc5a0000 of 64 bytes failed: ReadProcessMemory veya WriteProcessMemory isteðinin sadece bir parçasý tamamlandý. (0x12B)
[0515/124233.825:WARNING:pe_image_reader.cc(340)] could not read dos header from C:\WINDOWS\SYSTEM32\UIAutomationCore.DLL
[0515/124233.825:ERROR:process_memory_win.cc(73)] ReadMemory at 0x7ffce0270000 of 64 bytes failed: ReadProcessMemory veya WriteProcessMemory isteðinin sadece bir parçasý tamamlandý. (0x12B)
[0515/124233.825:WARNING:pe_image_reader.cc(340)] could not read dos header from C:\WINDOWS\SYSTEM32\DWrite.dll
[0515/124233.825:ERROR:process_memory_win.cc(73)] ReadMemory at 0x7ffcf3eb0000 of 64 bytes failed: ReadProcessMemory veya WriteProcessMemory isteðinin sadece bir parçasý tamamlandý. (0x12B)
[0515/124233.825:WARNING:pe_image_reader.cc(340)] could not read dos header from C:\WINDOWS\SYSTEM32\WINSPOOL.DRV
[0515/124233.825:ERROR:process_memory_win.cc(73)] ReadMemory at 0x7ffcff930000 of 64 bytes failed: ReadProcessMemory veya WriteProcessMemory isteðinin sadece bir parçasý tamamlandý. (0x12B)
[0515/124233.825:WARNING:pe_image_reader.cc(340)] could not read dos header from C:\WINDOWS\System32\kernel.appcore.dll
[0515/124233.825:ERROR:process_memory_win.cc(73)] ReadMemory at 0x7ffd00260000 of 64 bytes failed: ReadProcessMemory veya WriteProcessMemory isteðinin sadece bir parçasý tamamlandý. (0x12B)
[0515/124233.825:WARNING:pe_image_reader.cc(340)] could not read dos header from C:\WINDOWS\System32\bcrypt.dll
[0515/124233.825:ERROR:process_memory_win.cc(73)] ReadMemory at 0x7ffcff440000 of 64 bytes failed: ReadProcessMemory veya WriteProcessMemory isteðinin sadece bir parçasý tamamlandý. (0x12B)
[0515/124233.825:WARNING:pe_image_reader.cc(340)] could not read dos header from C:\WINDOWS\SYSTEM32\dbghelp.dll
[0515/124233.825:ERROR:process_memory_win.cc(73)] ReadMemory at 0x7ffcf2aa0000 of 64 bytes failed: ReadProcessMemory veya WriteProcessMemory isteðinin sadece bir parçasý tamamlandý. (0x12B)
[0515/124233.825:WARNING:pe_image_reader.cc(340)] could not read dos header from C:\WINDOWS\SYSTEM32\WINHTTP.dll
[0515/124233.825:ERROR:process_memory_win.cc(73)] ReadMemory at 0x7ffcf6fc0000 of 64 bytes failed: ReadProcessMemory veya WriteProcessMemory isteðinin sadece bir parçasý tamamlandý. (0x12B)
[0515/124233.825:WARNING:pe_image_reader.cc(340)] could not read dos header from C:\WINDOWS\SYSTEM32\dhcpcsvc.DLL
[0515/124233.825:ERROR:process_memory_win.cc(73)] ReadMemory at 0x7ffd01040000 of 64 bytes failed: ReadProcessMemory veya WriteProcessMemory isteðinin sadece bir parçasý tamamlandý. (0x12B)
[0515/124233.825:WARNING:pe_image_reader.cc(340)] could not read dos header from C:\WINDOWS\System32\NSI.dll
[0515/124233.825:ERROR:process_memory_win.cc(73)] ReadMemory at 0x7ffcfcd80000 of 64 bytes failed: ReadProcessMemory veya WriteProcessMemory isteðinin sadece bir parçasý tamamlandý. (0x12B)
[0515/124233.825:WARNING:pe_image_reader.cc(340)] could not read dos header from C:\WINDOWS\SYSTEM32\WINMMBASE.dll
[0515/124233.825:ERROR:process_memory_win.cc(73)] ReadMemory at 0x7ffcffaa0000 of 64 bytes failed: ReadProcessMemory veya WriteProcessMemory isteðinin sadece bir parçasý tamamlandý. (0x12B)
[0515/124233.825:WARNING:pe_image_reader.cc(340)] could not read dos header from C:\WINDOWS\System32\cfgmgr32.dll
[0515/124233.825:ERROR:process_memory_win.cc(73)] ReadMemory at 0x7ffcfd930000 of 64 bytes failed: ReadProcessMemory veya WriteProcessMemory isteðinin sadece bir parçasý tamamlandý. (0x12B)
[0515/124233.825:WARNING:pe_image_reader.cc(340)] could not read dos header from C:\WINDOWS\SYSTEM32\PROPSYS.dll
[0515/124233.825:ERROR:process_memory_win.cc(73)] ReadMemory at 0x7ffd01050000 of 64 bytes failed: ReadProcessMemory veya WriteProcessMemory isteðinin sadece bir parçasý tamamlandý. (0x12B)
[0515/124233.825:WARNING:pe_image_reader.cc(340)] could not read dos header from C:\WINDOWS\System32\shcore.dll
[0515/124233.825:ERROR:process_memory_win.cc(73)] ReadMemory at 0x7ffcff810000 of 64 bytes failed: ReadProcessMemory veya WriteProcessMemory isteðinin sadece bir parçasý tamamlandý. (0x12B)
[0515/124233.825:WARNING:pe_image_reader.cc(340)] could not read dos header from C:\WINDOWS\SYSTEM32\SSPICLI.DLL
[0515/124233.825:ERROR:process_memory_win.cc(73)] ReadMemory at 0x7ffcfece0000 of 64 bytes failed: ReadProcessMemory veya WriteProcessMemory isteðinin sadece bir parçasý tamamlandý. (0x12B)
[0515/124233.825:WARNING:pe_image_reader.cc(340)] could not read dos header from C:\WINDOWS\SYSTEM32\CRYPTBASE.DLL
[0515/124233.831:ERROR:process_memory_win.cc(73)] ReadMemory at 0x7ff679120000 of 64 bytes failed: ReadProcessMemory veya WriteProcessMemory isteðinin sadece bir parçasý tamamlandý. (0x12B)
[0515/124233.832:WARNING:pe_image_reader.cc(340)] could not read dos header from C:\Program Files (x86)\Google\Chrome\Application\chrome.exe
[0515/124233.832:ERROR:process_memory_win.cc(73)] ReadMemory at 0x7ffd02a60000 of 64 bytes failed: ReadProcessMemory veya WriteProcessMemory isteðinin sadece bir parçasý tamamlandý. (0x12B)
[0515/124233.832:WARNING:pe_image_reader.cc(340)] could not read dos header from C:\WINDOWS\SYSTEM32\ntdll.dll
[0515/124233.832:ERROR:process_memory_win.cc(73)] ReadMemory at 0x7ffd00bc0000 of 64 bytes failed: ReadProcessMemory veya WriteProcessMemory isteðinin sadece bir parçasý tamamlandý. (0x12B)
[0515/124233.832:WARNING:pe_image_reader.cc(340)] could not read dos header from C:\WINDOWS\System32\KERNEL32.DLL
[0515/124233.832:ERROR:process_memory_win.cc(73)] ReadMemory at 0x7ffcfffb0000 of 64 bytes failed: ReadProcessMemory veya WriteProcessMemory isteðinin sadece bir parçasý tamamlandý. (0x12B)
[0515/124233.832:WARNING:pe_image_reader.cc(340)] could not read dos header from C:\WINDOWS\System32\KERNELBASE.dll
[0515/124233.832:ERROR:process_memory_win.cc(73)] ReadMemory at 0x7ffcc1050000 of 64 bytes failed: ReadProcessMemory veya WriteProcessMemory isteðinin sadece bir parçasý tamamlandý. (0x12B)
[0515/124233.832:WARNING:pe_image_reader.cc(340)] could not read dos header from C:\Program Files (x86)\Google\Chrome\Application\81.0.4044.138\chrome_elf.dll
[0515/124233.832:ERROR:process_memory_win.cc(73)] ReadMemory at 0x7ffcf76a0000 of 64 bytes failed: ReadProcessMemory veya WriteProcessMemory isteðinin sadece bir parçasý tamamlandý. (0x12B)
[0515/124233.832:WARNING:pe_image_reader.cc(340)] could not read dos header from C:\WINDOWS\SYSTEM32\VERSION.dll
[0515/124233.832:ERROR:process_memory_win.cc(73)] ReadMemory at 0x7ffd028a0000 of 64 bytes failed: ReadProcessMemory veya WriteProcessMemory isteðinin sadece bir parçasý tamamlandý. (0x12B)
[0515/124233.832:WARNING:pe_image_reader.cc(340)] could not read dos header from C:\WINDOWS\System32\msvcrt.dll
[0515/124233.832:ERROR:process_memory_win.cc(73)] ReadMemory at 0x7ffcff9f0000 of 64 bytes failed: ReadProcessMemory veya WriteProcessMemory isteðinin sadece bir parçasý tamamlandý. (0x12B)
[0515/124233.832:WARNING:pe_image_reader.cc(340)] could not read dos header from C:\WINDOWS\System32\bcryptPrimitives.dll
[0515/124233.832:ERROR:process_memory_win.cc(73)] ReadMemory at 0x7ffd00f90000 of 64 bytes failed: ReadProcessMemory veya WriteProcessMemory isteðinin sadece bir parçasý tamamlandý. (0x12B)
[0515/124233.832:WARNING:pe_image_reader.cc(340)] could not read dos header from C:\WINDOWS\System32\ADVAPI32.dll
[0515/124233.832:ERROR:process_memory_win.cc(73)] ReadMemory at 0x7ffd00b10000 of 64 bytes failed: ReadProcessMemory veya WriteProcessMemory isteðinin sadece bir parçasý tamamlandý. (0x12B)
[0515/124233.832:WARNING:pe_image_reader.cc(340)] could not read dos header from C:\WINDOWS\System32\sechost.dll
[0515/124233.832:ERROR:process_memory_win.cc(73)] ReadMemory at 0x7ffd02750000 of 64 bytes failed: ReadProcessMemory veya WriteProcessMemory isteðinin sadece bir parçasý tamamlandý. (0x12B)
[0515/124233.832:WARNING:pe_image_reader.cc(340)] could not read dos header from C:\WINDOWS\System32\RPCRT4.dll
[0515/124233.833:ERROR:process_memory_win.cc(73)] ReadMemory at 0x7ffcac370000 of 64 bytes failed: ReadProcessMemory veya WriteProcessMemory isteðinin sadece bir parçasý tamamlandý. (0x12B)
[0515/124233.833:WARNING:pe_image_reader.cc(340)] could not read dos header from C:\Program Files (x86)\Google\Chrome\Application\81.0.4044.138\chrome.dll
[0515/124233.833:ERROR:process_memory_win.cc(73)] ReadMemory at 0x7ffd011f0000 of 64 bytes failed: ReadProcessMemory veya WriteProcessMemory isteðinin sadece bir parçasý tamamlandý. (0x12B)
[0515/124233.833:WARNING:pe_image_reader.cc(340)] could not read dos header from C:\WINDOWS\System32\WS2_32.dll
[0515/124233.833:ERROR:process_memory_win.cc(73)] ReadMemory at 0x7ffd02940000 of 64 bytes failed: ReadProcessMemory veya WriteProcessMemory isteðinin sadece bir parçasý tamamlandý. (0x12B)
[0515/124233.833:WARNING:pe_image_reader.cc(340)] could not read dos header from C:\WINDOWS\System32\OLEAUT32.dll
[0515/124233.833:ERROR:process_memory_win.cc(73)] ReadMemory at 0x7ffcffd70000 of 64 bytes failed: ReadProcessMemory veya WriteProcessMemory isteðinin sadece bir parçasý tamamlandý. (0x12B)
[0515/124233.833:WARNING:pe_image_reader.cc(340)] could not read dos header from C:\WINDOWS\System32\msvcp_win.dll
[0515/124233.833:ERROR:process_memory_win.cc(73)] ReadMemory at 0x7ffd00290000 of 64 bytes failed: ReadProcessMemory veya WriteProcessMemory isteðinin sadece bir parçasý tamamlandý. (0x12B)
[0515/124233.833:WARNING:pe_image_reader.cc(340)] could not read dos header from C:\WINDOWS\System32\ucrtbase.dll
[0515/124233.833:ERROR:process_memory_win.cc(73)] ReadMemory at 0x7ffd01cf0000 of 64 bytes failed: ReadProcessMemory veya WriteProcessMemory isteðinin sadece bir parçasý tamamlandý. (0x12B)
[0515/124233.833:WARNING:pe_image_reader.cc(340)] could not read dos header from C:\WINDOWS\System32\combase.dll
[0515/124233.833:ERROR:process_memory_win.cc(73)] ReadMemory at 0x7ffcffc40000 of 64 bytes failed: ReadProcessMemory veya WriteProcessMemory isteðinin sadece bir parçasý tamamlandý. (0x12B)
[0515/124233.833:WARNING:pe_image_reader.cc(340)] could not read dos header from C:\WINDOWS\System32\WINTRUST.dll
[0515/124233.833:ERROR:process_memory_win.cc(73)] ReadMemory at 0x7ffcff980000 of 64 bytes failed: ReadProcessMemory veya WriteProcessMemory isteðinin sadece bir parçasý tamamlandý. (0x12B)
[0515/124233.833:WARNING:pe_image_reader.cc(340)] could not read dos header from C:\WINDOWS\System32\MSASN1.dll
[0515/124233.833:ERROR:process_memory_win.cc(73)] ReadMemory at 0x7ffcffaf0000 of 64 bytes failed: ReadProcessMemory veya WriteProcessMemory isteðinin sadece bir parçasý tamamlandý. (0x12B)
[0515/124233.833:WARNING:pe_image_reader.cc(340)] could not read dos header from C:\WINDOWS\System32\CRYPT32.dll
[0515/124233.833:ERROR:process_memory_win.cc(73)] ReadMemory at 0x7ffcfe820000 of 64 bytes failed: ReadProcessMemory veya WriteProcessMemory isteðinin sadece bir parçasý tamamlandý. (0x12B)
[0515/124233.833:WARNING:pe_image_reader.cc(340)] could not read dos header from C:\WINDOWS\SYSTEM32\IPHLPAPI.DLL
[0515/124233.833:ERROR:process_memory_win.cc(73)] ReadMemory at 0x7ffcfcee0000 of 64 bytes failed: ReadProcessMemory veya WriteProcessMemory isteðinin sadece bir parçasý tamamlandý. (0x12B)
[0515/124233.833:WARNING:pe_image_reader.cc(340)] could not read dos header from C:\WINDOWS\SYSTEM32\WINMM.dll
[0515/124233.834:ERROR:process_memory_win.cc(73)] ReadMemory at 0x7ffcec5a0000 of 64 bytes failed: ReadProcessMemory veya WriteProcessMemory isteðinin sadece bir parçasý tamamlandý. (0x12B)
[0515/124233.834:WARNING:pe_image_reader.cc(340)] could not read dos header from C:\WINDOWS\SYSTEM32\Secur32.dll
[0515/124233.834:ERROR:process_memory_win.cc(73)] ReadMemory at 0x7ffcff840000 of 64 bytes failed: ReadProcessMemory veya WriteProcessMemory isteðinin sadece bir parçasý tamamlandý. (0x12B)
[0515/124233.834:WARNING:pe_image_reader.cc(340)] could not read dos header from C:\WINDOWS\SYSTEM32\USERENV.dll
[0515/124233.834:ERROR:process_memory_win.cc(73)] ReadMemory at 0x7ffcff950000 of 64 bytes failed: ReadProcessMemory veya WriteProcessMemory isteðinin sadece bir parçasý tamamlandý. (0x12B)
[0515/124233.834:WARNING:pe_image_reader.cc(340)] could not read dos header from C:\WINDOWS\System32\profapi.dll
[0515/124233.834:ERROR:process_memory_win.cc(73)] ReadMemory at 0x7ffccc5a0000 of 64 bytes failed: ReadProcessMemory veya WriteProcessMemory isteðinin sadece bir parçasý tamamlandý. (0x12B)
[0515/124233.834:WARNING:pe_image_reader.cc(340)] could not read dos header from C:\WINDOWS\SYSTEM32\UIAutomationCore.DLL
[0515/124233.834:ERROR:process_memory_win.cc(73)] ReadMemory at 0x7ffce0270000 of 64 bytes failed: ReadProcessMemory veya WriteProcessMemory isteðinin sadece bir parçasý tamamlandý. (0x12B)
[0515/124233.834:WARNING:pe_image_reader.cc(340)] could not read dos header from C:\WINDOWS\SYSTEM32\DWrite.dll
[0515/124233.834:ERROR:process_memory_win.cc(73)] ReadMemory at 0x7ffcf3eb0000 of 64 bytes failed: ReadProcessMemory veya WriteProcessMemory isteðinin sadece bir parçasý tamamlandý. (0x12B)
[0515/124233.834:WARNING:pe_image_reader.cc(340)] could not read dos header from C:\WINDOWS\SYSTEM32\WINSPOOL.DRV
[0515/124233.834:ERROR:process_memory_win.cc(73)] ReadMemory at 0x7ffcff930000 of 64 bytes failed: ReadProcessMemory veya WriteProcessMemory isteðinin sadece bir parçasý tamamlandý. (0x12B)
[0515/124233.834:WARNING:pe_image_reader.cc(340)] could not read dos header from C:\WINDOWS\System32\kernel.appcore.dll
[0515/124233.834:ERROR:process_memory_win.cc(73)] ReadMemory at 0x7ffd00260000 of 64 bytes failed: ReadProcessMemory veya WriteProcessMemory isteðinin sadece bir parçasý tamamlandý. (0x12B)
[0515/124233.834:WARNING:pe_image_reader.cc(340)] could not read dos header from C:\WINDOWS\System32\bcrypt.dll
[0515/124233.834:ERROR:process_memory_win.cc(73)] ReadMemory at 0x7ffcff440000 of 64 bytes failed: ReadProcessMemory veya WriteProcessMemory isteðinin sadece bir parçasý tamamlandý. (0x12B)
[0515/124233.834:WARNING:pe_image_reader.cc(340)] could not read dos header from C:\WINDOWS\SYSTEM32\dbghelp.dll
[0515/124233.834:ERROR:process_memory_win.cc(73)] ReadMemory at 0x7ffcf2aa0000 of 64 bytes failed: ReadProcessMemory veya WriteProcessMemory isteðinin sadece bir parçasý tamamlandý. (0x12B)
[0515/124233.834:WARNING:pe_image_reader.cc(340)] could not read dos header from C:\WINDOWS\SYSTEM32\WINHTTP.dll
[0515/124233.834:ERROR:process_memory_win.cc(73)] ReadMemory at 0x7ffcf6fc0000 of 64 bytes failed: ReadProcessMemory veya WriteProcessMemory isteðinin sadece bir parçasý tamamlandý. (0x12B)
[0515/124233.834:WARNING:pe_image_reader.cc(340)] could not read dos header from C:\WINDOWS\SYSTEM32\dhcpcsvc.DLL
[0515/124233.834:ERROR:process_memory_win.cc(73)] ReadMemory at 0x7ffd01040000 of 64 bytes failed: ReadProcessMemory veya WriteProcessMemory isteðinin sadece bir parçasý tamamlandý. (0x12B)
[0515/124233.834:WARNING:pe_image_reader.cc(340)] could not read dos header from C:\WINDOWS\System32\NSI.dll
[0515/124233.835:ERROR:process_memory_win.cc(73)] ReadMemory at 0x7ffcfcd80000 of 64 bytes failed: ReadProcessMemory veya WriteProcessMemory isteðinin sadece bir parçasý tamamlandý. (0x12B)
[0515/124233.835:WARNING:pe_image_reader.cc(340)] could not read dos header from C:\WINDOWS\SYSTEM32\WINMMBASE.dll
[0515/124233.835:ERROR:process_memory_win.cc(73)] ReadMemory at 0x7ffcffaa0000 of 64 bytes failed: ReadProcessMemory veya WriteProcessMemory isteðinin sadece bir parçasý tamamlandý. (0x12B)
[0515/124233.835:WARNING:pe_image_reader.cc(340)] could not read dos header from C:\WINDOWS\System32\cfgmgr32.dll
[0515/124233.835:ERROR:process_memory_win.cc(73)] ReadMemory at 0x7ffcfd930000 of 64 bytes failed: ReadProcessMemory veya WriteProcessMemory isteðinin sadece bir parçasý tamamlandý. (0x12B)
[0515/124233.835:WARNING:pe_image_reader.cc(340)] could not read dos header from C:\WINDOWS\SYSTEM32\PROPSYS.dll
[0515/124233.835:ERROR:process_memory_win.cc(73)] ReadMemory at 0x7ffd01050000 of 64 bytes failed: ReadProcessMemory veya WriteProcessMemory isteðinin sadece bir parçasý tamamlandý. (0x12B)
[0515/124233.835:WARNING:pe_image_reader.cc(340)] could not read dos header from C:\WINDOWS\System32\shcore.dll
[0515/124233.835:ERROR:process_memory_win.cc(73)] ReadMemory at 0x7ffcff810000 of 64 bytes failed: ReadProcessMemory veya WriteProcessMemory isteðinin sadece bir parçasý tamamlandý. (0x12B)
[0515/124233.835:WARNING:pe_image_reader.cc(340)] could not read dos header from C:\WINDOWS\SYSTEM32\SSPICLI.DLL
[0515/124233.835:ERROR:process_memory_win.cc(73)] ReadMemory at 0x7ffcfece0000 of 64 bytes failed: ReadProcessMemory veya WriteProcessMemory isteðinin sadece bir parçasý tamamlandý. (0x12B)
[0515/124233.835:WARNING:pe_image_reader.cc(340)] could not read dos header from C:\WINDOWS\SYSTEM32\CRYPTBASE.DLL
[0515/124233.835:ERROR:process_memory_win.cc(73)] ReadMemory at 0x7ff679120000 of 64 bytes failed: ReadProcessMemory veya WriteProcessMemory isteðinin sadece bir parçasý tamamlandý. (0x12B)
[0515/124233.835:WARNING:pe_image_reader.cc(340)] could not read dos header from C:\Program Files (x86)\Google\Chrome\Application\chrome.exe
[0515/124233.835:ERROR:process_memory_win.cc(73)] ReadMemory at 0x7ffd02a60000 of 64 bytes failed: ReadProcessMemory veya WriteProcessMemory isteðinin sadece bir parçasý tamamlandý. (0x12B)
[0515/124233.835:WARNING:pe_image_reader.cc(340)] could not read dos header from C:\WINDOWS\SYSTEM32\ntdll.dll
[0515/124233.835:ERROR:process_memory_win.cc(73)] ReadMemory at 0x7ffd00bc0000 of 64 bytes failed: ReadProcessMemory veya WriteProcessMemory isteðinin sadece bir parçasý tamamlandý. (0x12B)
[0515/124233.835:WARNING:pe_image_reader.cc(340)] could not read dos header from C:\WINDOWS\System32\KERNEL32.DLL
[0515/124233.835:ERROR:process_memory_win.cc(73)] ReadMemory at 0x7ffcfffb0000 of 64 bytes failed: ReadProcessMemory veya WriteProcessMemory isteðinin sadece bir parçasý tamamlandý. (0x12B)
[0515/124233.835:WARNING:pe_image_reader.cc(340)] could not read dos header from C:\WINDOWS\System32\KERNELBASE.dll
[0515/124233.835:ERROR:process_memory_win.cc(73)] ReadMemory at 0x7ffcc1050000 of 64 bytes failed: ReadProcessMemory veya WriteProcessMemory isteðinin sadece bir parçasý tamamlandý. (0x12B)
[0515/124233.835:WARNING:pe_image_reader.cc(340)] could not read dos header from C:\Program Files (x86)\Google\Chrome\Application\81.0.4044.138\chrome_elf.dll
[0515/124233.835:ERROR:process_memory_win.cc(73)] ReadMemory at 0x7ffcf76a0000 of 64 bytes failed: ReadProcessMemory veya WriteProcessMemory isteðinin sadece bir parçasý tamamlandý. (0x12B)
[0515/124233.835:WARNING:pe_image_reader.cc(340)] could not read dos header from C:\WINDOWS\SYSTEM32\VERSION.dll
[0515/124233.835:ERROR:process_memory_win.cc(73)] ReadMemory at 0x7ffd028a0000 of 64 bytes failed: ReadProcessMemory veya WriteProcessMemory isteðinin sadece bir parçasý tamamlandý. (0x12B)
[0515/124233.835:WARNING:pe_image_reader.cc(340)] could not read dos header from C:\WINDOWS\System32\msvcrt.dll
[0515/124233.836:ERROR:process_memory_win.cc(73)] ReadMemory at 0x7ffcff9f0000 of 64 bytes failed: ReadProcessMemory veya WriteProcessMemory isteðinin sadece bir parçasý tamamlandý. (0x12B)
[0515/124233.836:WARNING:pe_image_reader.cc(340)] could not read dos header from C:\WINDOWS\System32\bcryptPrimitives.dll
[0515/124233.836:ERROR:process_memory_win.cc(73)] ReadMemory at 0x7ffd00f90000 of 64 bytes failed: ReadProcessMemory veya WriteProcessMemory isteðinin sadece bir parçasý tamamlandý. (0x12B)
[0515/124233.836:WARNING:pe_image_reader.cc(340)] could not read dos header from C:\WINDOWS\System32\ADVAPI32.dll
[0515/124233.836:ERROR:process_memory_win.cc(73)] ReadMemory at 0x7ffd00b10000 of 64 bytes failed: ReadProcessMemory veya WriteProcessMemory isteðinin sadece bir parçasý tamamlandý. (0x12B)
[0515/124233.836:WARNING:pe_image_reader.cc(340)] could not read dos header from C:\WINDOWS\System32\sechost.dll
[0515/124233.836:ERROR:process_memory_win.cc(73)] ReadMemory at 0x7ffd02750000 of 64 bytes failed: ReadProcessMemory veya WriteProcessMemory isteðinin sadece bir parçasý tamamlandý. (0x12B)
[0515/124233.836:WARNING:pe_image_reader.cc(340)] could not read dos header from C:\WINDOWS\System32\RPCRT4.dll
[0515/124233.836:ERROR:process_memory_win.cc(73)] ReadMemory at 0x7ffcac370000 of 64 bytes failed: ReadProcessMemory veya WriteProcessMemory isteðinin sadece bir parçasý tamamlandý. (0x12B)
[0515/124233.836:WARNING:pe_image_reader.cc(340)] could not read dos header from C:\Program Files (x86)\Google\Chrome\Application\81.0.4044.138\chrome.dll
[0515/124233.836:ERROR:process_memory_win.cc(73)] ReadMemory at 0x7ffd011f0000 of 64 bytes failed: ReadProcessMemory veya WriteProcessMemory isteðinin sadece bir parçasý tamamlandý. (0x12B)
[0515/124233.836:WARNING:pe_image_reader.cc(340)] could not read dos header from C:\WINDOWS\System32\WS2_32.dll
[0515/124233.836:ERROR:process_memory_win.cc(73)] ReadMemory at 0x7ffd02940000 of 64 bytes failed: ReadProcessMemory veya WriteProcessMemory isteðinin sadece bir parçasý tamamlandý. (0x12B)
[0515/124233.836:WARNING:pe_image_reader.cc(340)] could not read dos header from C:\WINDOWS\System32\OLEAUT32.dll
[0515/124233.836:ERROR:process_memory_win.cc(73)] ReadMemory at 0x7ffcffd70000 of 64 bytes failed: ReadProcessMemory veya WriteProcessMemory isteðinin sadece bir parçasý tamamlandý. (0x12B)
[0515/124233.836:WARNING:pe_image_reader.cc(340)] could not read dos header from C:\WINDOWS\System32\msvcp_win.dll
[0515/124233.836:ERROR:process_memory_win.cc(73)] ReadMemory at 0x7ffd00290000 of 64 bytes failed: ReadProcessMemory veya WriteProcessMemory isteðinin sadece bir parçasý tamamlandý. (0x12B)
[0515/124233.836:WARNING:pe_image_reader.cc(340)] could not read dos header from C:\WINDOWS\System32\ucrtbase.dll
[0515/124233.836:ERROR:process_memory_win.cc(73)] ReadMemory at 0x7ffd01cf0000 of 64 bytes failed: ReadProcessMemory veya WriteProcessMemory isteðinin sadece bir parçasý tamamlandý. (0x12B)
[0515/124233.836:WARNING:pe_image_reader.cc(340)] could not read dos header from C:\WINDOWS\System32\combase.dll
[0515/124233.836:ERROR:process_memory_win.cc(73)] ReadMemory at 0x7ffcffc40000 of 64 bytes failed: ReadProcessMemory veya WriteProcessMemory isteðinin sadece bir parçasý tamamlandý. (0x12B)
[0515/124233.836:WARNING:pe_image_reader.cc(340)] could not read dos header from C:\WINDOWS\System32\WINTRUST.dll
[0515/124233.836:ERROR:process_memory_win.cc(73)] ReadMemory at 0x7ffcff980000 of 64 bytes failed: ReadProcessMemory veya WriteProcessMemory isteðinin sadece bir parçasý tamamlandý. (0x12B)
[0515/124233.836:WARNING:pe_image_reader.cc(340)] could not read dos header from C:\WINDOWS\System32\MSASN1.dll
[0515/124233.836:ERROR:process_memory_win.cc(73)] ReadMemory at 0x7ffcffaf0000 of 64 bytes failed: ReadProcessMemory veya WriteProcessMemory isteðinin sadece bir parçasý tamamlandý. (0x12B)
[0515/124233.836:WARNING:pe_image_reader.cc(340)] could not read dos header from C:\WINDOWS\System32\CRYPT32.dll
[0515/124233.836:ERROR:process_memory_win.cc(73)] ReadMemory at 0x7ffcfe820000 of 64 bytes failed: ReadProcessMemory veya WriteProcessMemory isteðinin sadece bir parçasý tamamlandý. (0x12B)
[0515/124233.836:WARNING:pe_image_reader.cc(340)] could not read dos header from C:\WINDOWS\SYSTEM32\IPHLPAPI.DLL
[0515/124233.836:ERROR:process_memory_win.cc(73)] ReadMemory at 0x7ffcfcee0000 of 64 bytes failed: ReadProcessMemory veya WriteProcessMemory isteðinin sadece bir parçasý tamamlandý. (0x12B)
[0515/124233.836:WARNING:pe_image_reader.cc(340)] could not read dos header from C:\WINDOWS\SYSTEM32\WINMM.dll
[0515/124233.836:ERROR:process_memory_win.cc(73)] ReadMemory at 0x7ffcec5a0000 of 64 bytes failed: ReadProcessMemory veya WriteProcessMemory isteðinin sadece bir parçasý tamamlandý. (0x12B)
[0515/124233.836:WARNING:pe_image_reader.cc(340)] could not read dos header from C:\WINDOWS\SYSTEM32\Secur32.dll
[0515/124233.836:ERROR:process_memory_win.cc(73)] ReadMemory at 0x7ffcff840000 of 64 bytes failed: ReadProcessMemory veya WriteProcessMemory isteðinin sadece bir parçasý tamamlandý. (0x12B)
[0515/124233.836:WARNING:pe_image_reader.cc(340)] could not read dos header from C:\WINDOWS\SYSTEM32\USERENV.dll
[0515/124233.836:ERROR:process_memory_win.cc(73)] ReadMemory at 0x7ffcff950000 of 64 bytes failed: ReadProcessMemory veya WriteProcessMemory isteðinin sadece bir parçasý tamamlandý. (0x12B)
[0515/124233.836:WARNING:pe_image_reader.cc(340)] could not read dos header from C:\WINDOWS\System32\profapi.dll
[0515/124233.836:ERROR:process_memory_win.cc(73)] ReadMemory at 0x7ffccc5a0000 of 64 bytes failed: ReadProcessMemory veya WriteProcessMemory isteðinin sadece bir parçasý tamamlandý. (0x12B)
[0515/124233.836:WARNING:pe_image_reader.cc(340)] could not read dos header from C:\WINDOWS\SYSTEM32\UIAutomationCore.DLL
[0515/124233.837:ERROR:process_memory_win.cc(73)] ReadMemory at 0x7ffce0270000 of 64 bytes failed: ReadProcessMemory veya WriteProcessMemory isteðinin sadece bir parçasý tamamlandý. (0x12B)
[0515/124233.837:WARNING:pe_image_reader.cc(340)] could not read dos header from C:\WINDOWS\SYSTEM32\DWrite.dll
[0515/124233.837:ERROR:process_memory_win.cc(73)] ReadMemory at 0x7ffcf3eb0000 of 64 bytes failed: ReadProcessMemory veya WriteProcessMemory isteðinin sadece bir parçasý tamamlandý. (0x12B)
[0515/124233.837:WARNING:pe_image_reader.cc(340)] could not read dos header from C:\WINDOWS\SYSTEM32\WINSPOOL.DRV
[0515/124233.837:ERROR:process_memory_win.cc(73)] ReadMemory at 0x7ffcff930000 of 64 bytes failed: ReadProcessMemory veya WriteProcessMemory isteðinin sadece bir parçasý tamamlandý. (0x12B)
[0515/124233.837:WARNING:pe_image_reader.cc(340)] could not read dos header from C:\WINDOWS\System32\kernel.appcore.dll
[0515/124233.837:ERROR:process_memory_win.cc(73)] ReadMemory at 0x7ffd00260000 of 64 bytes failed: ReadProcessMemory veya WriteProcessMemory isteðinin sadece bir parçasý tamamlandý. (0x12B)
[0515/124233.837:WARNING:pe_image_reader.cc(340)] could not read dos header from C:\WINDOWS\System32\bcrypt.dll
[0515/124233.837:ERROR:process_memory_win.cc(73)] ReadMemory at 0x7ffcff440000 of 64 bytes failed: ReadProcessMemory veya WriteProcessMemory isteðinin sadece bir parçasý tamamlandý. (0x12B)
[0515/124233.837:WARNING:pe_image_reader.cc(340)] could not read dos header from C:\WINDOWS\SYSTEM32\dbghelp.dll
[0515/124233.837:ERROR:process_memory_win.cc(73)] ReadMemory at 0x7ffcf2aa0000 of 64 bytes failed: ReadProcessMemory veya WriteProcessMemory isteðinin sadece bir parçasý tamamlandý. (0x12B)
[0515/124233.837:WARNING:pe_image_reader.cc(340)] could not read dos header from C:\WINDOWS\SYSTEM32\WINHTTP.dll
[0515/124233.837:ERROR:process_memory_win.cc(73)] ReadMemory at 0x7ffcf6fc0000 of 64 bytes failed: ReadProcessMemory veya WriteProcessMemory isteðinin sadece bir parçasý tamamlandý. (0x12B)
[0515/124233.837:WARNING:pe_image_reader.cc(340)] could not read dos header from C:\WINDOWS\SYSTEM32\dhcpcsvc.DLL
[0515/124233.837:ERROR:process_memory_win.cc(73)] ReadMemory at 0x7ffd01040000 of 64 bytes failed: ReadProcessMemory veya WriteProcessMemory isteðinin sadece bir parçasý tamamlandý. (0x12B)
[0515/124233.837:WARNING:pe_image_reader.cc(340)] could not read dos header from C:\WINDOWS\System32\NSI.dll
[0515/124233.837:ERROR:process_memory_win.cc(73)] ReadMemory at 0x7ffcfcd80000 of 64 bytes failed: ReadProcessMemory veya WriteProcessMemory isteðinin sadece bir parçasý tamamlandý. (0x12B)
[0515/124233.837:WARNING:pe_image_reader.cc(340)] could not read dos header from C:\WINDOWS\SYSTEM32\WINMMBASE.dll
[0515/124233.837:ERROR:process_memory_win.cc(73)] ReadMemory at 0x7ffcffaa0000 of 64 bytes failed: ReadProcessMemory veya WriteProcessMemory isteðinin sadece bir parçasý tamamlandý. (0x12B)
[0515/124233.837:WARNING:pe_image_reader.cc(340)] could not read dos header from C:\WINDOWS\System32\cfgmgr32.dll
[0515/124233.837:ERROR:process_memory_win.cc(73)] ReadMemory at 0x7ffcfd930000 of 64 bytes failed: ReadProcessMemory veya WriteProcessMemory isteðinin sadece bir parçasý tamamlandý. (0x12B)
[0515/124233.837:WARNING:pe_image_reader.cc(340)] could not read dos header from C:\WINDOWS\SYSTEM32\PROPSYS.dll
[0515/124233.837:ERROR:process_memory_win.cc(73)] ReadMemory at 0x7ffd01050000 of 64 bytes failed: ReadProcessMemory veya WriteProcessMemory isteðinin sadece bir parçasý tamamlandý. (0x12B)
[0515/124233.837:WARNING:pe_image_reader.cc(340)] could not read dos header from C:\WINDOWS\System32\shcore.dll
[0515/124233.837:ERROR:process_memory_win.cc(73)] ReadMemory at 0x7ffcff810000 of 64 bytes failed: ReadProcessMemory veya WriteProcessMemory isteðinin sadece bir parçasý tamamlandý. (0x12B)
[0515/124233.837:WARNING:pe_image_reader.cc(340)] could not read dos header from C:\WINDOWS\SYSTEM32\SSPICLI.DLL
[0515/124233.837:ERROR:process_memory_win.cc(73)] ReadMemory at 0x7ffcfece0000 of 64 bytes failed: ReadProcessMemory veya WriteProcessMemory isteðinin sadece bir parçasý tamamlandý. (0x12B)
[0515/124233.837:WARNING:pe_image_reader.cc(340)] could not read dos header from C:\WINDOWS\SYSTEM32\CRYPTBASE.DLL
[0515/124233.846:ERROR:process_memory_win.cc(73)] ReadMemory at 0x368e3f6000 of 40960 bytes failed: ReadProcessMemory veya WriteProcessMemory isteðinin sadece bir parçasý tamamlandý. (0x12B)
[0515/124233.846:ERROR:process_memory_win.cc(73)] ReadMemory at 0x368ebfd000 of 12288 bytes failed: ReadProcessMemory veya WriteProcessMemory isteðinin sadece bir parçasý tamamlandý. (0x12B)
[0515/124233.846:ERROR:process_memory_win.cc(73)] ReadMemory at 0x368f3fc000 of 16384 bytes failed: ReadProcessMemory veya WriteProcessMemory isteðinin sadece bir parçasý tamamlandý. (0x12B)
[0515/124233.846:ERROR:process_memory_win.cc(73)] ReadMemory at 0x368fbfc000 of 16384 bytes failed: ReadProcessMemory veya WriteProcessMemory isteðinin sadece bir parçasý tamamlandý. (0x12B)
[0515/124233.846:ERROR:process_memory_win.cc(73)] ReadMemory at 0x36903fc000 of 16384 bytes failed: ReadProcessMemory veya WriteProcessMemory isteðinin sadece bir parçasý tamamlandý. (0x12B)
[0515/124233.846:ERROR:process_memory_win.cc(73)] ReadMemory at 0x3690bfe000 of 8192 bytes failed: ReadProcessMemory veya WriteProcessMemory isteðinin sadece bir parçasý tamamlandý. (0x12B)
[0515/124233.846:ERROR:process_memory_win.cc(73)] ReadMemory at 0x36913fd000 of 12288 bytes failed: ReadProcessMemory veya WriteProcessMemory isteðinin sadece bir parçasý tamamlandý. (0x12B)
[0515/124233.846:ERROR:process_memory_win.cc(73)] ReadMemory at 0x3691bfb000 of 20480 bytes failed: ReadProcessMemory veya WriteProcessMemory isteðinin sadece bir parçasý tamamlandý. (0x12B)
[0515/124233.846:ERROR:process_memory_win.cc(73)] ReadMemory at 0x36923fd000 of 12288 bytes failed: ReadProcessMemory veya WriteProcessMemory isteðinin sadece bir parçasý tamamlandý. (0x12B)
[0515/124233.847:ERROR:process_memory_win.cc(73)] ReadMemory at 0x3692bfd000 of 12288 bytes failed: ReadProcessMemory veya WriteProcessMemory isteðinin sadece bir parçasý tamamlandý. (0x12B)
[0515/124233.847:ERROR:process_memory_win.cc(73)] ReadMemory at 0x36933fd000 of 12288 bytes failed: ReadProcessMemory veya WriteProcessMemory isteðinin sadece bir parçasý tamamlandý. (0x12B)
[0515/124233.847:ERROR:process_memory_win.cc(73)] ReadMemory at 0x3693bfd000 of 12288 bytes failed: ReadProcessMemory veya WriteProcessMemory isteðinin sadece bir parçasý tamamlandý. (0x12B)
[0515/124233.847:ERROR:process_memory_win.cc(73)] ReadMemory at 0x36943fd000 of 12288 bytes failed: ReadProcessMemory veya WriteProcessMemory isteðinin sadece bir parçasý tamamlandý. (0x12B)
[0515/124233.847:ERROR:process_memory_win.cc(73)] ReadMemory at 0x3694bfd000 of 12288 bytes failed: ReadProcessMemory veya WriteProcessMemory isteðinin sadece bir parçasý tamamlandý. (0x12B)
[0515/124233.847:ERROR:process_memory_win.cc(73)] ReadMemory at 0x36953fd000 of 12288 bytes failed: ReadProcessMemory veya WriteProcessMemory isteðinin sadece bir parçasý tamamlandý. (0x12B)
[0515/124233.847:ERROR:process_memory_win.cc(73)] ReadMemory at 0x3695bfd000 of 12288 bytes failed: ReadProcessMemory veya WriteProcessMemory isteðinin sadece bir parçasý tamamlandý. (0x12B)
[0515/124233.847:ERROR:process_memory_win.cc(73)] ReadMemory at 0x368dac6000 of 852 bytes failed: ReadProcessMemory veya WriteProcessMemory isteðinin sadece bir parçasý tamamlandý. (0x12B)
[0515/124233.847:ERROR:process_memory_win.cc(73)] ReadMemory at 0x368dac7000 of 6024 bytes failed: ReadProcessMemory veya WriteProcessMemory isteðinin sadece bir parçasý tamamlandý. (0x12B)
[0515/124233.847:ERROR:process_memory_win.cc(73)] ReadMemory at 0x368dac9000 of 6024 bytes failed: ReadProcessMemory veya WriteProcessMemory isteðinin sadece bir parçasý tamamlandý. (0x12B)
[0515/124233.847:ERROR:process_memory_win.cc(73)] ReadMemory at 0x368dacb000 of 6024 bytes failed: ReadProcessMemory veya WriteProcessMemory isteðinin sadece bir parçasý tamamlandý. (0x12B)
[0515/124233.847:ERROR:process_memory_win.cc(73)] ReadMemory at 0x368dacd000 of 6024 bytes failed: ReadProcessMemory veya WriteProcessMemory isteðinin sadece bir parçasý tamamlandý. (0x12B)
[0515/124233.847:ERROR:process_memory_win.cc(73)] ReadMemory at 0x368dacf000 of 6024 bytes failed: ReadProcessMemory veya WriteProcessMemory isteðinin sadece bir parçasý tamamlandý. (0x12B)
[0515/124233.847:ERROR:process_memory_win.cc(73)] ReadMemory at 0x368dad1000 of 6024 bytes failed: ReadProcessMemory veya WriteProcessMemory isteðinin sadece bir parçasý tamamlandý. (0x12B)
[0515/124233.847:ERROR:process_memory_win.cc(73)] ReadMemory at 0x368dad3000 of 6024 bytes failed: ReadProcessMemory veya WriteProcessMemory isteðinin sadece bir parçasý tamamlandý. (0x12B)
[0515/124233.848:ERROR:process_memory_win.cc(73)] ReadMemory at 0x368dad5000 of 6024 bytes failed: ReadProcessMemory veya WriteProcessMemory isteðinin sadece bir parçasý tamamlandý. (0x12B)
[0515/124233.848:ERROR:process_memory_win.cc(73)] ReadMemory at 0x368dad7000 of 6024 bytes failed: ReadProcessMemory veya WriteProcessMemory isteðinin sadece bir parçasý tamamlandý. (0x12B)
[0515/124233.848:ERROR:process_memory_win.cc(73)] ReadMemory at 0x368dad9000 of 6024 bytes failed: ReadProcessMemory veya WriteProcessMemory isteðinin sadece bir parçasý tamamlandý. (0x12B)
[0515/124233.848:ERROR:process_memory_win.cc(73)] ReadMemory at 0x368dadb000 of 6024 bytes failed: ReadProcessMemory veya WriteProcessMemory isteðinin sadece bir parçasý tamamlandý. (0x12B)
[0515/124233.848:ERROR:process_memory_win.cc(73)] ReadMemory at 0x368dadd000 of 6024 bytes failed: ReadProcessMemory veya WriteProcessMemory isteðinin sadece bir parçasý tamamlandý. (0x12B)
[0515/124233.848:ERROR:process_memory_win.cc(73)] ReadMemory at 0x368dadf000 of 6024 bytes failed: ReadProcessMemory veya WriteProcessMemory isteðinin sadece bir parçasý tamamlandý. (0x12B)
[0515/124233.848:ERROR:process_memory_win.cc(73)] ReadMemory at 0x368dae1000 of 6024 bytes failed: ReadProcessMemory veya WriteProcessMemory isteðinin sadece bir parçasý tamamlandý. (0x12B)
[0515/124233.848:ERROR:process_memory_win.cc(73)] ReadMemory at 0x368dae3000 of 6024 bytes failed: ReadProcessMemory veya WriteProcessMemory isteðinin sadece bir parçasý tamamlandý. (0x12B)
[0515/124233.848:ERROR:process_memory_win.cc(73)] ReadMemory at 0x368dae5000 of 6024 bytes failed: ReadProcessMemory veya WriteProcessMemory isteðinin sadece bir parçasý tamamlandý. (0x12B)
[0515/124233.848:ERROR:process_memory_win.cc(73)] ReadMemory at 0x1f508610fe0 of 7210 bytes failed: ReadProcessMemory veya WriteProcessMemory isteðinin sadece bir parçasý tamamlandý. (0x12B)
[0515/124233.848:ERROR:process_memory_win.cc(73)] ReadMemory at 0x1f508612c20 of 1012 bytes failed: ReadProcessMemory veya WriteProcessMemory isteðinin sadece bir parçasý tamamlandý. (0x12B)
[0515/124233.848:ERROR:process_memory_win.cc(73)] ReadMemory at 0x1f508613268 of 118 bytes failed: ReadProcessMemory veya WriteProcessMemory isteðinin sadece bir parçasý tamamlandý. (0x12B)
[0515/124233.848:ERROR:process_memory_win.cc(73)] ReadMemory at 0x1f5086132e0 of 760 bytes failed: ReadProcessMemory veya WriteProcessMemory isteðinin sadece bir parçasý tamamlandý. (0x12B)
[0515/124233.848:ERROR:process_memory_win.cc(73)] ReadMemory at 0x1f5086135da of 118 bytes failed: ReadProcessMemory veya WriteProcessMemory isteðinin sadece bir parçasý tamamlandý. (0x12B)
[0515/124233.848:ERROR:process_memory_win.cc(73)] ReadMemory at 0x1f508613652 of 96 bytes failed: ReadProcessMemory veya WriteProcessMemory isteðinin sadece bir parçasý tamamlandý. (0x12B)
[0515/124233.848:ERROR:process_memory_win.cc(73)] ReadMemory at 0x1f5086136c0 of 58 bytes failed: ReadProcessMemory veya WriteProcessMemory isteðinin sadece bir parçasý tamamlandý. (0x12B)
[0515/124233.848:ERROR:process_memory_win.cc(73)] ReadMemory at 0x1f5086137c0 of 132 bytes failed: ReadProcessMemory veya WriteProcessMemory isteðinin sadece bir parçasý tamamlandý. (0x12B)
[0515/124233.848:ERROR:process_memory_win.cc(73)] ReadMemory at 0x1f508613950 of 132 bytes failed: ReadProcessMemory veya WriteProcessMemory isteðinin sadece bir parçasý tamamlandý. (0x12B)
[0515/124233.848:ERROR:process_memory_win.cc(73)] ReadMemory at 0x1f508613b10 of 126 bytes failed: ReadProcessMemory veya WriteProcessMemory isteðinin sadece bir parçasý tamamlandý. (0x12B)
[0515/124233.849:ERROR:process_memory_win.cc(73)] ReadMemory at 0x1f508613ef0 of 132 bytes failed: ReadProcessMemory veya WriteProcessMemory isteðinin sadece bir parçasý tamamlandý. (0x12B)
[0515/124233.849:ERROR:process_memory_win.cc(73)] ReadMemory at 0x1f508614080 of 64 bytes failed: ReadProcessMemory veya WriteProcessMemory isteðinin sadece bir parçasý tamamlandý. (0x12B)
[0515/124233.849:ERROR:process_memory_win.cc(73)] ReadMemory at 0x1f5086140d0 of 132 bytes failed: ReadProcessMemory veya WriteProcessMemory isteðinin sadece bir parçasý tamamlandý. (0x12B)
[0515/124233.849:ERROR:process_memory_win.cc(73)] ReadMemory at 0x1f508614240 of 132 bytes failed: ReadProcessMemory veya WriteProcessMemory isteðinin sadece bir parçasý tamamlandý. (0x12B)
[0515/124233.849:ERROR:process_memory_win.cc(73)] ReadMemory at 0x1f5086144e0 of 132 bytes failed: ReadProcessMemory veya WriteProcessMemory isteðinin sadece bir parçasý tamamlandý. (0x12B)
[0515/124233.849:ERROR:process_memory_win.cc(73)] ReadMemory at 0x1f508614670 of 68 bytes failed: ReadProcessMemory veya WriteProcessMemory isteðinin sadece bir parçasý tamamlandý. (0x12B)
[0515/124233.849:ERROR:process_memory_win.cc(73)] ReadMemory at 0x1f508615740 of 132 bytes failed: ReadProcessMemory veya WriteProcessMemory isteðinin sadece bir parçasý tamamlandý. (0x12B)
[0515/124233.849:ERROR:process_memory_win.cc(73)] ReadMemory at 0x1f5086158d0 of 154 bytes failed: ReadProcessMemory veya WriteProcessMemory isteðinin sadece bir parçasý tamamlandý. (0x12B)
[0515/124233.849:ERROR:process_memory_win.cc(73)] ReadMemory at 0x1f508616610 of 132 bytes failed: ReadProcessMemory veya WriteProcessMemory isteðinin sadece bir parçasý tamamlandý. (0x12B)
[0515/124233.849:ERROR:process_memory_win.cc(73)] ReadMemory at 0x1f508616ee0 of 132 bytes failed: ReadProcessMemory veya WriteProcessMemory isteðinin sadece bir parçasý tamamlandý. (0x12B)
[0515/124233.849:ERROR:process_memory_win.cc(73)] ReadMemory at 0x1f508617010 of 146 bytes failed: ReadProcessMemory veya WriteProcessMemory isteðinin sadece bir parçasý tamamlandý. (0x12B)
[0515/124233.849:ERROR:process_memory_win.cc(73)] ReadMemory at 0x1f508617d60 of 62 bytes failed: ReadProcessMemory veya WriteProcessMemory isteðinin sadece bir parçasý tamamlandý. (0x12B)
[0515/124233.849:ERROR:process_memory_win.cc(73)] ReadMemory at 0x1f508617f20 of 60 bytes failed: ReadProcessMemory veya WriteProcessMemory isteðinin sadece bir parçasý tamamlandý. (0x12B)
[0515/124233.849:ERROR:process_memory_win.cc(73)] ReadMemory at 0x1f508618720 of 132 bytes failed: ReadProcessMemory veya WriteProcessMemory isteðinin sadece bir parçasý tamamlandý. (0x12B)
[0515/124233.849:ERROR:process_memory_win.cc(73)] ReadMemory at 0x1f50861b560 of 132 bytes failed: ReadProcessMemory veya WriteProcessMemory isteðinin sadece bir parçasý tamamlandý. (0x12B)
[0515/124233.849:ERROR:process_memory_win.cc(73)] ReadMemory at 0x1f50861b690 of 132 bytes failed: ReadProcessMemory veya WriteProcessMemory isteðinin sadece bir parçasý tamamlandý. (0x12B)
[0515/124233.849:ERROR:process_memory_win.cc(73)] ReadMemory at 0x1f50861b820 of 80 bytes failed: ReadProcessMemory veya WriteProcessMemory isteðinin sadece bir parçasý tamamlandý. (0x12B)
[0515/124233.849:ERROR:process_memory_win.cc(73)] ReadMemory at 0x1f50861bba0 of 64 bytes failed: ReadProcessMemory veya WriteProcessMemory isteðinin sadece bir parçasý tamamlandý. (0x12B)
[0515/124233.849:ERROR:process_memory_win.cc(73)] ReadMemory at 0x1f50861bc90 of 66 bytes failed: ReadProcessMemory veya WriteProcessMemory isteðinin sadece bir parçasý tamamlandý. (0x12B)
[0515/124233.850:ERROR:process_memory_win.cc(73)] ReadMemory at 0x1f50861bce0 of 62 bytes failed: ReadProcessMemory veya WriteProcessMemory isteðinin sadece bir parçasý tamamlandý. (0x12B)
[0515/124233.850:ERROR:process_memory_win.cc(73)] ReadMemory at 0x1f50861bd30 of 60 bytes failed: ReadProcessMemory veya WriteProcessMemory isteðinin sadece bir parçasý tamamlandý. (0x12B)
[0515/124233.850:ERROR:process_memory_win.cc(73)] ReadMemory at 0x1f50861bdd0 of 64 bytes failed: ReadProcessMemory veya WriteProcessMemory isteðinin sadece bir parçasý tamamlandý. (0x12B)
[0515/124233.850:ERROR:process_memory_win.cc(73)] ReadMemory at 0x1f50861be70 of 60 bytes failed: ReadProcessMemory veya WriteProcessMemory isteðinin sadece bir parçasý tamamlandý. (0x12B)
[0515/124233.850:ERROR:process_memory_win.cc(73)] ReadMemory at 0x1f50861bec0 of 64 bytes failed: ReadProcessMemory veya WriteProcessMemory isteðinin sadece bir parçasý tamamlandý. (0x12B)
[0515/124233.850:ERROR:process_memory_win.cc(73)] ReadMemory at 0x1f50861bf10 of 64 bytes failed: ReadProcessMemory veya WriteProcessMemory isteðinin sadece bir parçasý tamamlandý. (0x12B)
[0515/124233.850:ERROR:process_memory_win.cc(73)] ReadMemory at 0x1f50861bf60 of 62 bytes failed: ReadProcessMemory veya WriteProcessMemory isteðinin sadece bir parçasý tamamlandý. (0x12B)
[0515/124233.850:ERROR:process_memory_win.cc(73)] ReadMemory at 0x1f50861cbd0 of 80 bytes failed: ReadProcessMemory veya WriteProcessMemory isteðinin sadece bir parçasý tamamlandý. (0x12B)
[0515/124233.850:ERROR:process_memory_win.cc(73)] ReadMemory at 0x1f50861ced0 of 76 bytes failed: ReadProcessMemory veya WriteProcessMemory isteðinin sadece bir parçasý tamamlandý. (0x12B)
[0515/124233.850:ERROR:process_memory_win.cc(73)] ReadMemory at 0x1f50861f1f0 of 132 bytes failed: ReadProcessMemory veya WriteProcessMemory isteðinin sadece bir parçasý tamamlandý. (0x12B)
[0515/124233.850:ERROR:process_memory_win.cc(73)] ReadMemory at 0x1f50861f410 of 132 bytes failed: ReadProcessMemory veya WriteProcessMemory isteðinin sadece bir parçasý tamamlandý. (0x12B)
[0515/124233.850:ERROR:process_memory_win.cc(73)] ReadMemory at 0x1f50861f770 of 132 bytes failed: ReadProcessMemory veya WriteProcessMemory isteðinin sadece bir parçasý tamamlandý. (0x12B)
[0515/124233.850:ERROR:process_memory_win.cc(73)] ReadMemory at 0x1f508620810 of 132 bytes failed: ReadProcessMemory veya WriteProcessMemory isteðinin sadece bir parçasý tamamlandý. (0x12B)
[0515/124233.850:ERROR:process_memory_win.cc(73)] ReadMemory at 0x1f508621460 of 54 bytes failed: ReadProcessMemory veya WriteProcessMemory isteðinin sadece bir parçasý tamamlandý. (0x12B)
[0515/124233.850:ERROR:process_memory_win.cc(73)] ReadMemory at 0x1f508623b30 of 132 bytes failed: ReadProcessMemory veya WriteProcessMemory isteðinin sadece bir parçasý tamamlandý. (0x12B)
[0515/124233.850:ERROR:process_memory_win.cc(73)] ReadMemory at 0x1f5086259d0 of 132 bytes failed: ReadProcessMemory veya WriteProcessMemory isteðinin sadece bir parçasý tamamlandý. (0x12B)
[0515/124233.850:ERROR:process_memory_win.cc(73)] ReadMemory at 0x1f508625b00 of 132 bytes failed: ReadProcessMemory veya WriteProcessMemory isteðinin sadece bir parçasý tamamlandý. (0x12B)
[0515/124233.850:ERROR:process_memory_win.cc(73)] ReadMemory at 0x1f508625c30 of 132 bytes failed: ReadProcessMemory veya WriteProcessMemory isteðinin sadece bir parçasý tamamlandý. (0x12B)
[0515/124233.850:ERROR:process_memory_win.cc(73)] ReadMemory at 0x1f508625d60 of 132 bytes failed: ReadProcessMemory veya WriteProcessMemory isteðinin sadece bir parçasý tamamlandý. (0x12B)
[0515/124233.850:ERROR:process_memory_win.cc(73)] ReadMemory at 0x1f508625e90 of 132 bytes failed: ReadProcessMemory veya WriteProcessMemory isteðinin sadece bir parçasý tamamlandý. (0x12B)
[0515/124233.850:ERROR:process_memory_win.cc(73)] ReadMemory at 0x1f508625fc0 of 132 bytes failed: ReadProcessMemory veya WriteProcessMemory isteðinin sadece bir parçasý tamamlandý. (0x12B)
[0515/124233.851:ERROR:process_memory_win.cc(73)] ReadMemory at 0x1f5086260f0 of 132 bytes failed: ReadProcessMemory veya WriteProcessMemory isteðinin sadece bir parçasý tamamlandý. (0x12B)
[0515/124233.851:ERROR:process_memory_win.cc(73)] ReadMemory at 0x1f508626350 of 132 bytes failed: ReadProcessMemory veya WriteProcessMemory isteðinin sadece bir parçasý tamamlandý. (0x12B)
[0515/124233.851:ERROR:process_memory_win.cc(73)] ReadMemory at 0x1f508626480 of 132 bytes failed: ReadProcessMemory veya WriteProcessMemory isteðinin sadece bir parçasý tamamlandý. (0x12B)
[0515/124233.851:ERROR:process_memory_win.cc(73)] ReadMemory at 0x1f5086265b0 of 132 bytes failed: ReadProcessMemory veya WriteProcessMemory isteðinin sadece bir parçasý tamamlandý. (0x12B)
[0515/124233.851:ERROR:process_memory_win.cc(73)] ReadMemory at 0x1f5086266e0 of 132 bytes failed: ReadProcessMemory veya WriteProcessMemory isteðinin sadece bir parçasý tamamlandý. (0x12B)
[0515/124233.851:ERROR:process_memory_win.cc(73)] ReadMemory at 0x1f508626810 of 132 bytes failed: ReadProcessMemory veya WriteProcessMemory isteðinin sadece bir parçasý tamamlandý. (0x12B)
[0515/124233.851:ERROR:process_memory_win.cc(73)] ReadMemory at 0x1f508626ff0 of 64 bytes failed: ReadProcessMemory veya WriteProcessMemory isteðinin sadece bir parçasý tamamlandý. (0x12B)
[0515/124233.851:ERROR:process_memory_win.cc(73)] ReadMemory at 0x1f508627040 of 64 bytes failed: ReadProcessMemory veya WriteProcessMemory isteðinin sadece bir parçasý tamamlandý. (0x12B)
[0515/124233.851:ERROR:process_memory_win.cc(73)] ReadMemory at 0x1f508627090 of 58 bytes failed: ReadProcessMemory veya WriteProcessMemory isteðinin sadece bir parçasý tamamlandý. (0x12B)
[0515/124233.851:ERROR:process_memory_win.cc(73)] ReadMemory at 0x1f508627130 of 62 bytes failed: ReadProcessMemory veya WriteProcessMemory isteðinin sadece bir parçasý tamamlandý. (0x12B)
[0515/124233.851:ERROR:process_memory_win.cc(73)] ReadMemory at 0x1f5086272c0 of 60 bytes failed: ReadProcessMemory veya WriteProcessMemory isteðinin sadece bir parçasý tamamlandý. (0x12B)
[0515/124233.851:ERROR:process_memory_win.cc(73)] ReadMemory at 0x1f508627310 of 62 bytes failed: ReadProcessMemory veya WriteProcessMemory isteðinin sadece bir parçasý tamamlandý. (0x12B)
[0515/124233.851:ERROR:process_memory_win.cc(73)] ReadMemory at 0x1f508627400 of 64 bytes failed: ReadProcessMemory veya WriteProcessMemory isteðinin sadece bir parçasý tamamlandý. (0x12B)
[0515/124233.851:ERROR:process_memory_win.cc(73)] ReadMemory at 0x1f508627450 of 62 bytes failed: ReadProcessMemory veya WriteProcessMemory isteðinin sadece bir parçasý tamamlandý. (0x12B)
[0515/124233.851:ERROR:process_memory_win.cc(73)] ReadMemory at 0x1f5086274f0 of 62 bytes failed: ReadProcessMemory veya WriteProcessMemory isteðinin sadece bir parçasý tamamlandý. (0x12B)
[0515/124233.852:ERROR:process_memory_win.cc(73)] ReadMemory at 0x1f5086277c0 of 62 bytes failed: ReadProcessMemory veya WriteProcessMemory isteðinin sadece bir parçasý tamamlandý. (0x12B)
[0515/124233.852:ERROR:process_memory_win.cc(73)] ReadMemory at 0x1f5086278b0 of 62 bytes failed: ReadProcessMemory veya WriteProcessMemory isteðinin sadece bir parçasý tamamlandý. (0x12B)
[0515/124233.852:ERROR:process_memory_win.cc(73)] ReadMemory at 0x1f5086279a0 of 60 bytes failed: ReadProcessMemory veya WriteProcessMemory isteðinin sadece bir parçasý tamamlandý. (0x12B)
[0515/124233.852:ERROR:process_memory_win.cc(73)] ReadMemory at 0x1f5086279f0 of 62 bytes failed: ReadProcessMemory veya WriteProcessMemory isteðinin sadece bir parçasý tamamlandý. (0x12B)
[0515/124233.852:ERROR:process_memory_win.cc(73)] ReadMemory at 0x1f508627bd0 of 66 bytes failed: ReadProcessMemory veya WriteProcessMemory isteðinin sadece bir parçasý tamamlandý. (0x12B)
[0515/124233.852:ERROR:process_memory_win.cc(73)] ReadMemory at 0x1f508627c20 of 64 bytes failed: ReadProcessMemory veya WriteProcessMemory isteðinin sadece bir parçasý tamamlandý. (0x12B)
[0515/124233.852:ERROR:process_memory_win.cc(73)] ReadMemory at 0x1f508627c70 of 62 bytes failed: ReadProcessMemory veya WriteProcessMemory isteðinin sadece bir parçasý tamamlandý. (0x12B)
[0515/124233.852:ERROR:process_memory_win.cc(73)] ReadMemory at 0x1f508627cc0 of 60 bytes failed: ReadProcessMemory veya WriteProcessMemory isteðinin sadece bir parçasý tamamlandý. (0x12B)
[0515/124233.852:ERROR:process_memory_win.cc(73)] ReadMemory at 0x1f508627e50 of 60 bytes failed: ReadProcessMemory veya WriteProcessMemory isteðinin sadece bir parçasý tamamlandý. (0x12B)
[0515/124233.852:ERROR:process_memory_win.cc(73)] ReadMemory at 0x1f508628000 of 132 bytes failed: ReadProcessMemory veya WriteProcessMemory isteðinin sadece bir parçasý tamamlandý. (0x12B)
[0515/124233.852:ERROR:process_memory_win.cc(73)] ReadMemory at 0x1f5086284c0 of 132 bytes failed: ReadProcessMemory veya WriteProcessMemory isteðinin sadece bir parçasý tamamlandý. (0x12B)
[0515/124233.852:ERROR:process_memory_win.cc(73)] ReadMemory at 0x1f508628720 of 132 bytes failed: ReadProcessMemory veya WriteProcessMemory isteðinin sadece bir parçasý tamamlandý. (0x12B)
[0515/124233.852:ERROR:process_memory_win.cc(73)] ReadMemory at 0x1f508628f70 of 132 bytes failed: ReadProcessMemory veya WriteProcessMemory isteðinin sadece bir parçasý tamamlandý. (0x12B)
[0515/124233.852:ERROR:process_memory_win.cc(73)] ReadMemory at 0x1f5086290a0 of 132 bytes failed: ReadProcessMemory veya WriteProcessMemory isteðinin sadece bir parçasý tamamlandý. (0x12B)
[0515/124233.852:ERROR:process_memory_win.cc(73)] ReadMemory at 0x1f508629430 of 132 bytes failed: ReadProcessMemory veya WriteProcessMemory isteðinin sadece bir parçasý tamamlandý. (0x12B)
[0515/124233.853:ERROR:process_memory_win.cc(73)] ReadMemory at 0x1f508629690 of 132 bytes failed: ReadProcessMemory veya WriteProcessMemory isteðinin sadece bir parçasý tamamlandý. (0x12B)
[0515/124233.853:ERROR:process_memory_win.cc(73)] ReadMemory at 0x1f5086297c0 of 132 bytes failed: ReadProcessMemory veya WriteProcessMemory isteðinin sadece bir parçasý tamamlandý. (0x12B)
[0515/124233.853:ERROR:process_memory_win.cc(73)] ReadMemory at 0x1f508629c80 of 132 bytes failed: ReadProcessMemory veya WriteProcessMemory isteðinin sadece bir parçasý tamamlandý. (0x12B)
[0515/124233.853:ERROR:process_memory_win.cc(73)] ReadMemory at 0x1f508629db0 of 132 bytes failed: ReadProcessMemory veya WriteProcessMemory isteðinin sadece bir parçasý tamamlandý. (0x12B)
[0515/124233.853:ERROR:process_memory_win.cc(73)] ReadMemory at 0x1f50863f4d0 of 512 bytes failed: ReadProcessMemory veya WriteProcessMemory isteðinin sadece bir parçasý tamamlandý. (0x12B)
[0515/124233.853:ERROR:process_memory_win.cc(73)] ReadMemory at 0x1f508640270 of 512 bytes failed: ReadProcessMemory veya WriteProcessMemory isteðinin sadece bir parçasý tamamlandý. (0x12B)
[0515/124233.853:ERROR:process_memory_win.cc(73)] ReadMemory at 0x1f5087c0070 of 512 bytes failed: ReadProcessMemory veya WriteProcessMemory isteðinin sadece bir parçasý tamamlandý. (0x12B)
[0515/124233.853:ERROR:process_memory_win.cc(73)] ReadMemory at 0x1f5087c1900 of 512 bytes failed: ReadProcessMemory veya WriteProcessMemory isteðinin sadece bir parçasý tamamlandý. (0x12B)
[0515/124233.853:ERROR:process_memory_win.cc(73)] ReadMemory at 0x1f508810248 of 512 bytes failed: ReadProcessMemory veya WriteProcessMemory isteðinin sadece bir parçasý tamamlandý. (0x12B)
[0515/124233.853:ERROR:process_memory_win.cc(73)] ReadMemory at 0x1f50890e820 of 512 bytes failed: ReadProcessMemory veya WriteProcessMemory isteðinin sadece bir parçasý tamamlandý. (0x12B)
[0515/124233.853:ERROR:process_memory_win.cc(73)] ReadMemory at 0x1f5089117f0 of 512 bytes failed: ReadProcessMemory veya WriteProcessMemory isteðinin sadece bir parçasý tamamlandý. (0x12B)
[0515/124233.854:ERROR:process_memory_win.cc(73)] ReadMemory at 0x1f508911c10 of 512 bytes failed: ReadProcessMemory veya WriteProcessMemory isteðinin sadece bir parçasý tamamlandý. (0x12B)
[0515/124233.854:ERROR:process_memory_win.cc(73)] ReadMemory at 0x1f5089131c0 of 512 bytes failed: ReadProcessMemory veya WriteProcessMemory isteðinin sadece bir parçasý tamamlandý. (0x12B)
[0515/124233.854:ERROR:process_memory_win.cc(73)] ReadMemory at 0x1f50893f130 of 712 bytes failed: ReadProcessMemory veya WriteProcessMemory isteðinin sadece bir parçasý tamamlandý. (0x12B)
[0515/124233.854:ERROR:process_memory_win.cc(73)] ReadMemory at 0x1f5089420b0 of 512 bytes failed: ReadProcessMemory veya WriteProcessMemory isteðinin sadece bir parçasý tamamlandý. (0x12B)
[0515/124233.854:ERROR:process_memory_win.cc(73)] ReadMemory at 0x1f50a3c9b08 of 512 bytes failed: ReadProcessMemory veya WriteProcessMemory isteðinin sadece bir parçasý tamamlandý. (0x12B)
[0515/124233.854:ERROR:process_memory_win.cc(73)] ReadMemory at 0x1f50a3da170 of 512 bytes failed: ReadProcessMemory veya WriteProcessMemory isteðinin sadece bir parçasý tamamlandý. (0x12B)
[0515/124233.854:ERROR:process_memory_win.cc(73)] ReadMemory at 0x1f50a3dcf50 of 512 bytes failed: ReadProcessMemory veya WriteProcessMemory isteðinin sadece bir parçasý tamamlandý. (0x12B)
[0515/124233.854:ERROR:process_memory_win.cc(73)] ReadMemory at 0x1f50a3ddc20 of 512 bytes failed: ReadProcessMemory veya WriteProcessMemory isteðinin sadece bir parçasý tamamlandý. (0x12B)
[0515/124233.854:ERROR:process_memory_win.cc(73)] ReadMemory at 0x1f50a852a90 of 512 bytes failed: ReadProcessMemory veya WriteProcessMemory isteðinin sadece bir parçasý tamamlandý. (0x12B)
[0515/124233.854:ERROR:process_memory_win.cc(73)] ReadMemory at 0x55b9934b58a8 of 512 bytes failed: ReadProcessMemory veya WriteProcessMemory isteðinin sadece bir parçasý tamamlandý. (0x12B)
[0515/124233.854:ERROR:process_memory_win.cc(73)] ReadMemory at 0x7ffcae1642b0 of 512 bytes failed: ReadProcessMemory veya WriteProcessMemory isteðinin sadece bir parçasý tamamlandý. (0x12B)
[0515/124233.854:ERROR:process_memory_win.cc(73)] ReadMemory at 0x7ffcae46294e of 512 bytes failed: ReadProcessMemory veya WriteProcessMemory isteðinin sadece bir parçasý tamamlandý. (0x12B)
[0515/124233.854:ERROR:process_memory_win.cc(73)] ReadMemory at 0x7ffcae691640 of 512 bytes failed: ReadProcessMemory veya WriteProcessMemory isteðinin sadece bir parçasý tamamlandý. (0x12B)
[0515/124233.855:ERROR:process_memory_win.cc(73)] ReadMemory at 0x7ffcaea2971c of 512 bytes failed: ReadProcessMemory veya WriteProcessMemory isteðinin sadece bir parçasý tamamlandý. (0x12B)
[0515/124233.855:ERROR:process_memory_win.cc(73)] ReadMemory at 0x7ffcaf845dbf of 512 bytes failed: ReadProcessMemory veya WriteProcessMemory isteðinin sadece bir parçasý tamamlandý. (0x12B)
[0515/124233.855:ERROR:process_memory_win.cc(73)] ReadMemory at 0x7ffcb2b5b2c3 of 512 bytes failed: ReadProcessMemory veya WriteProcessMemory isteðinin sadece bir parçasý tamamlandý. (0x12B)
[0515/124233.855:ERROR:process_memory_win.cc(73)] ReadMemory at 0x7ffcb39029c0 of 512 bytes failed: ReadProcessMemory veya WriteProcessMemory isteðinin sadece bir parçasý tamamlandý. (0x12B)
[0515/124233.855:ERROR:process_memory_win.cc(73)] ReadMemory at 0x7ffcb3bf9584 of 512 bytes failed: ReadProcessMemory veya WriteProcessMemory isteðinin sadece bir parçasý tamamlandý. (0x12B)
[0515/124233.855:ERROR:process_memory_win.cc(73)] ReadMemory at 0x7ffd02afc074 of 672 bytes failed: ReadProcessMemory veya WriteProcessMemory isteðinin sadece bir parçasý tamamlandý. (0x12B)
[0515/124233.855:ERROR:process_memory_win.cc(73)] ReadMemory at 0x7ffd02afc674 of 512 bytes failed: ReadProcessMemory veya WriteProcessMemory isteðinin sadece bir parçasý tamamlandý. (0x12B)
[0515/124233.855:ERROR:process_memory_win.cc(73)] ReadMemory at 0x7ffd02aff924 of 608 bytes failed: ReadProcessMemory veya WriteProcessMemory isteðinin sadece bir parçasý tamamlandý. (0x12B)
[0515/124233.855:ERROR:process_memory_win.cc(73)] ReadMemory at 0x7ffd02b8c428 of 18 bytes failed: ReadProcessMemory veya WriteProcessMemory isteðinin sadece bir parçasý tamamlandý. (0x12B)
[0515/124233.855:ERROR:process_memory_win.cc(73)] ReadMemory at 0x7ffd02bbf4f8 of 40 bytes failed: ReadProcessMemory veya WriteProcessMemory isteðinin sadece bir parçasý tamamlandý. (0x12B)
[0515/124233.855:ERROR:process_memory_win.cc(73)] ReadMemory at 0x7ffd02bbf978 of 48 bytes failed: ReadProcessMemory veya WriteProcessMemory isteðinin sadece bir parçasý tamamlandý. (0x12B)
[0515/124233.855:ERROR:process_memory_win.cc(73)] ReadMemory at 0x7ffd02bc53c0 of 64 bytes failed: ReadProcessMemory veya WriteProcessMemory isteðinin sadece bir parçasý tamamlandý. (0x12B)
[0515/124233.858:ERROR:scoped_process_suspend.cc(40)] NtResumeProcess: Sona ermekte olan bir iþleme eriþmeye çalýþýldý. (0xc000010a)
